\BOOKMARK [0][-]{chapter.1}{Introduction}{}% 1
\BOOKMARK [0][-]{chapter.2}{DSR}{}% 2
\BOOKMARK [1][-]{section.2.1}{Requirement Statements}{chapter.2}% 3
\BOOKMARK [2][-]{subsection.2.1.1}{R.display}{section.2.1}% 4
\BOOKMARK [2][-]{subsection.2.1.2}{R.lapse}{section.2.1}% 5
\BOOKMARK [2][-]{subsection.2.1.3}{R.measurement}{section.2.1}% 6
\BOOKMARK [2][-]{subsection.2.1.4}{R.reset}{section.2.1}% 7
\BOOKMARK [2][-]{subsection.2.1.5}{R.usability}{section.2.1}% 8
\BOOKMARK [1][-]{section.2.2}{Domain Statements}{chapter.2}% 9
\BOOKMARK [2][-]{subsection.2.2.1}{D.accuracy}{section.2.2}% 10
\BOOKMARK [2][-]{subsection.2.2.2}{D.time}{section.2.2}% 11
\BOOKMARK [2][-]{subsection.2.2.3}{D.time.period}{section.2.2}% 12
\BOOKMARK [1][-]{section.2.3}{Specification Statements}{chapter.2}% 13
\BOOKMARK [2][-]{subsection.2.3.1}{S.count}{section.2.3}% 14
\BOOKMARK [2][-]{subsection.2.3.2}{S.display}{section.2.3}% 15
\BOOKMARK [2][-]{subsection.2.3.3}{S.reset}{section.2.3}% 16
\BOOKMARK [2][-]{subsection.2.3.4}{S.start}{section.2.3}% 17
\BOOKMARK [2][-]{subsection.2.3.5}{S.stop}{section.2.3}% 18
\BOOKMARK [0][-]{chapter.3}{Data Dictionary}{}% 19
\BOOKMARK [1][-]{section.3.1}{Terms}{chapter.3}% 20
\BOOKMARK [2][-]{subsection.3.1.1}{Events}{section.3.1}% 21
\BOOKMARK [2][-]{subsection.3.1.2}{Stopwatch}{section.3.1}% 22
